{"$message_type":"diagnostic","message":"can't find crate for `std`","code":{"code":"E0463","explanation":"A crate was declared but cannot be found.\n\nErroneous code example:\n\n```compile_fail,E0463\nextern crate foo; // error: can't find crate\n```\n\nYou need to link your code to the relevant crate in order to be able to use it\n(through Cargo or the `-L` option of rustc, for example).\n\n## Common causes\n\n- The crate is not present at all. If using Cargo, add it to `[dependencies]`\n  in Cargo.toml.\n- The crate is present, but under a different name. If using Cargo, look for\n  `package = ` under `[dependencies]` in Cargo.toml.\n\n## Common causes for missing `std` or `core`\n\n- You are cross-compiling for a target which doesn't have `std` prepackaged.\n  Consider one of the following:\n  + Adding a pre-compiled version of std with `rustup target add`\n  + Building std from source with `cargo build -Z build-std`\n  + Using `#![no_std]` at the crate root, so you won't need `std` in the first\n    place.\n- You are developing the compiler itself and haven't built libstd from source.\n  You can usually build it with `x.py build library/std`. More information\n  about x.py is available in the [rustc-dev-guide].\n\n[rustc-dev-guide]: https://rustc-dev-guide.rust-lang.org/building/how-to-build-and-run.html#building-the-compiler\n"},"level":"error","spans":[{"file_name":"/home/bestsage/.cargo/registry/src/index.crates.io-1949cf8c6b5b557f/critical-section-1.2.0/src/lib.rs","byte_start":0,"byte_end":0,"line_start":1,"line_end":1,"column_start":1,"column_end":1,"is_primary":true,"text":[],"label":"can't find crate","suggested_replacement":null,"suggestion_applicability":null,"expansion":null}],"children":[{"message":"the `thumbv7em-none-eabihf` target may not support the standard library","code":null,"level":"note","spans":[],"children":[],"rendered":null},{"message":"`std` is required by `critical_section` because it does not declare `#![no_std]`","code":null,"level":"note","spans":[],"children":[],"rendered":null}],"rendered":"\u001b[1m\u001b[91merror[E0463]\u001b[0m\u001b[1m: can't find crate for `std`\u001b[0m\n  \u001b[1m\u001b[94m|\u001b[0m\n  \u001b[1m\u001b[94m= \u001b[0m\u001b[1mnote\u001b[0m: the `thumbv7em-none-eabihf` target may not support the standard library\n  \u001b[1m\u001b[94m= \u001b[0m\u001b[1mnote\u001b[0m: `std` is required by `critical_section` because it does not declare `#![no_std]`\n\n"}
{"$message_type":"diagnostic","message":"cannot resolve a prelude import","code":null,"level":"error","spans":[{"file_name":"/home/bestsage/.cargo/registry/src/index.crates.io-1949cf8c6b5b557f/critical-section-1.2.0/src/lib.rs","byte_start":0,"byte_end":0,"line_start":1,"line_end":1,"column_start":1,"column_end":1,"is_primary":true,"text":[],"label":null,"suggested_replacement":null,"suggestion_applicability":null,"expansion":null}],"children":[],"rendered":"\u001b[1m\u001b[91merror\u001b[0m\u001b[1m: cannot resolve a prelude import\u001b[0m\n\n"}
{"$message_type":"diagnostic","message":"can't find crate for `std`","code":{"code":"E0463","explanation":"A crate was declared but cannot be found.\n\nErroneous code example:\n\n```compile_fail,E0463\nextern crate foo; // error: can't find crate\n```\n\nYou need to link your code to the relevant crate in order to be able to use it\n(through Cargo or the `-L` option of rustc, for example).\n\n## Common causes\n\n- The crate is not present at all. If using Cargo, add it to `[dependencies]`\n  in Cargo.toml.\n- The crate is present, but under a different name. If using Cargo, look for\n  `package = ` under `[dependencies]` in Cargo.toml.\n\n## Common causes for missing `std` or `core`\n\n- You are cross-compiling for a target which doesn't have `std` prepackaged.\n  Consider one of the following:\n  + Adding a pre-compiled version of std with `rustup target add`\n  + Building std from source with `cargo build -Z build-std`\n  + Using `#![no_std]` at the crate root, so you won't need `std` in the first\n    place.\n- You are developing the compiler itself and haven't built libstd from source.\n  You can usually build it with `x.py build library/std`. More information\n  about x.py is available in the [rustc-dev-guide].\n\n[rustc-dev-guide]: https://rustc-dev-guide.rust-lang.org/building/how-to-build-and-run.html#building-the-compiler\n"},"level":"error","spans":[{"file_name":"/home/bestsage/.cargo/registry/src/index.crates.io-1949cf8c6b5b557f/critical-section-1.2.0/src/std.rs","byte_start":4,"byte_end":7,"line_start":1,"line_end":1,"column_start":5,"column_end":8,"is_primary":true,"text":[{"text":"use std::cell::Cell;","highlight_start":5,"highlight_end":8}],"label":"can't find crate","suggested_replacement":null,"suggestion_applicability":null,"expansion":null}],"children":[{"message":"the `thumbv7em-none-eabihf` target may not support the standard library","code":null,"level":"note","spans":[],"children":[],"rendered":null}],"rendered":"\u001b[1m\u001b[91merror[E0463]\u001b[0m\u001b[1m: can't find crate for `std`\u001b[0m\n \u001b[1m\u001b[94m--> \u001b[0m/home/bestsage/.cargo/registry/src/index.crates.io-1949cf8c6b5b557f/critical-section-1.2.0/src/std.rs:1:5\n  \u001b[1m\u001b[94m|\u001b[0m\n\u001b[1m\u001b[94m1\u001b[0m \u001b[1m\u001b[94m|\u001b[0m use std::cell::Cell;\n  \u001b[1m\u001b[94m|\u001b[0m     \u001b[1m\u001b[91m^^^\u001b[0m \u001b[1m\u001b[91mcan't find crate\u001b[0m\n  \u001b[1m\u001b[94m|\u001b[0m\n  \u001b[1m\u001b[94m= \u001b[0m\u001b[1mnote\u001b[0m: the `thumbv7em-none-eabihf` target may not support the standard library\n\n"}
{"$message_type":"diagnostic","message":"cannot find macro `include_str` in this scope","code":null,"level":"error","spans":[{"file_name":"/home/bestsage/.cargo/registry/src/index.crates.io-1949cf8c6b5b557f/critical-section-1.2.0/src/lib.rs","byte_start":52,"byte_end":63,"line_start":2,"line_end":2,"column_start":10,"column_end":21,"is_primary":true,"text":[{"text":"#![doc = include_str!(\"../README.md\")]","highlight_start":10,"highlight_end":21}],"label":null,"suggested_replacement":null,"suggestion_applicability":null,"expansion":null}],"children":[{"message":"consider importing this macro","code":null,"level":"help","spans":[{"file_name":"/home/bestsage/.cargo/registry/src/index.crates.io-1949cf8c6b5b557f/critical-section-1.2.0/src/lib.rs","byte_start":128,"byte_end":128,"line_start":8,"line_end":8,"column_start":1,"column_end":1,"is_primary":true,"text":[{"text":"use core::marker::PhantomData;","highlight_start":1,"highlight_end":1}],"label":null,"suggested_replacement":"use core::include_str;\n","suggestion_applicability":"MaybeIncorrect","expansion":null}],"children":[],"rendered":null}],"rendered":"\u001b[1m\u001b[91merror\u001b[0m\u001b[1m: cannot find macro `include_str` in this scope\u001b[0m\n \u001b[1m\u001b[94m--> \u001b[0m/home/bestsage/.cargo/registry/src/index.crates.io-1949cf8c6b5b557f/critical-section-1.2.0/src/lib.rs:2:10\n  \u001b[1m\u001b[94m|\u001b[0m\n\u001b[1m\u001b[94m2\u001b[0m \u001b[1m\u001b[94m|\u001b[0m #![doc = include_str!(\"../README.md\")]\n  \u001b[1m\u001b[94m|\u001b[0m          \u001b[1m\u001b[91m^^^^^^^^^^^\u001b[0m\n  \u001b[1m\u001b[94m|\u001b[0m\n\u001b[1m\u001b[96mhelp\u001b[0m: consider importing this macro\n  \u001b[1m\u001b[94m|\u001b[0m\n\u001b[1m\u001b[94m8\u001b[0m \u001b[92m+ use core::include_str;\u001b[0m\n  \u001b[1m\u001b[94m|\u001b[0m\n\n"}
{"$message_type":"diagnostic","message":"cannot find attribute `derive` in this scope","code":null,"level":"error","spans":[{"file_name":"/home/bestsage/.cargo/registry/src/index.crates.io-1949cf8c6b5b557f/critical-section-1.2.0/src/mutex.rs","byte_start":2643,"byte_end":2649,"line_start":73,"line_end":73,"column_start":3,"column_end":9,"is_primary":true,"text":[{"text":"#[derive(Debug)]","highlight_start":3,"highlight_end":9}],"label":null,"suggested_replacement":null,"suggestion_applicability":null,"expansion":null}],"children":[{"message":"consider importing this attribute macro","code":null,"level":"help","spans":[{"file_name":"/home/bestsage/.cargo/registry/src/index.crates.io-1949cf8c6b5b557f/critical-section-1.2.0/src/mutex.rs","byte_start":0,"byte_end":0,"line_start":1,"line_end":1,"column_start":1,"column_end":1,"is_primary":true,"text":[{"text":"use super::CriticalSection;","highlight_start":1,"highlight_end":1}],"label":null,"suggested_replacement":"use core::prelude::rust_2024::derive;\n","suggestion_applicability":"MaybeIncorrect","expansion":null}],"children":[],"rendered":null}],"rendered":"\u001b[1m\u001b[91merror\u001b[0m\u001b[1m: cannot find attribute `derive` in this scope\u001b[0m\n  \u001b[1m\u001b[94m--> \u001b[0m/home/bestsage/.cargo/registry/src/index.crates.io-1949cf8c6b5b557f/critical-section-1.2.0/src/mutex.rs:73:3\n   \u001b[1m\u001b[94m|\u001b[0m\n\u001b[1m\u001b[94m73\u001b[0m \u001b[1m\u001b[94m|\u001b[0m #[derive(Debug)]\n   \u001b[1m\u001b[94m|\u001b[0m   \u001b[1m\u001b[91m^^^^^^\u001b[0m\n   \u001b[1m\u001b[94m|\u001b[0m\n\u001b[1m\u001b[96mhelp\u001b[0m: consider importing this attribute macro\n   \u001b[1m\u001b[94m|\u001b[0m\n \u001b[1m\u001b[94m1\u001b[0m \u001b[92m+ use core::prelude::rust_2024::derive;\u001b[0m\n   \u001b[1m\u001b[94m|\u001b[0m\n\n"}
{"$message_type":"diagnostic","message":"cannot find attribute `derive` in this scope","code":null,"level":"error","spans":[{"file_name":"/home/bestsage/.cargo/registry/src/index.crates.io-1949cf8c6b5b557f/critical-section-1.2.0/src/lib.rs","byte_start":335,"byte_end":341,"line_start":16,"line_end":16,"column_start":3,"column_end":9,"is_primary":true,"text":[{"text":"#[derive(Clone, Copy, Debug)]","highlight_start":3,"highlight_end":9}],"label":null,"suggested_replacement":null,"suggestion_applicability":null,"expansion":null}],"children":[{"message":"consider importing this attribute macro","code":null,"level":"help","spans":[{"file_name":"/home/bestsage/.cargo/registry/src/index.crates.io-1949cf8c6b5b557f/critical-section-1.2.0/src/lib.rs","byte_start":128,"byte_end":128,"line_start":8,"line_end":8,"column_start":1,"column_end":1,"is_primary":true,"text":[{"text":"use core::marker::PhantomData;","highlight_start":1,"highlight_end":1}],"label":null,"suggested_replacement":"use core::prelude::rust_2024::derive;\n","suggestion_applicability":"MaybeIncorrect","expansion":null}],"children":[],"rendered":null}],"rendered":"\u001b[1m\u001b[91merror\u001b[0m\u001b[1m: cannot find attribute `derive` in this scope\u001b[0m\n  \u001b[1m\u001b[94m--> \u001b[0m/home/bestsage/.cargo/registry/src/index.crates.io-1949cf8c6b5b557f/critical-section-1.2.0/src/lib.rs:16:3\n   \u001b[1m\u001b[94m|\u001b[0m\n\u001b[1m\u001b[94m16\u001b[0m \u001b[1m\u001b[94m|\u001b[0m #[derive(Clone, Copy, Debug)]\n   \u001b[1m\u001b[94m|\u001b[0m   \u001b[1m\u001b[91m^^^^^^\u001b[0m\n   \u001b[1m\u001b[94m|\u001b[0m\n\u001b[1m\u001b[96mhelp\u001b[0m: consider importing this attribute macro\n   \u001b[1m\u001b[94m|\u001b[0m\n \u001b[1m\u001b[94m8\u001b[0m \u001b[92m+ use core::prelude::rust_2024::derive;\u001b[0m\n   \u001b[1m\u001b[94m|\u001b[0m\n\n"}
{"$message_type":"diagnostic","message":"cannot find attribute `derive` in this scope","code":null,"level":"error","spans":[{"file_name":"/home/bestsage/.cargo/registry/src/index.crates.io-1949cf8c6b5b557f/critical-section-1.2.0/src/lib.rs","byte_start":5569,"byte_end":5575,"line_start":136,"line_end":136,"column_start":3,"column_end":9,"is_primary":true,"text":[{"text":"#[derive(Clone, Copy, Debug)]","highlight_start":3,"highlight_end":9}],"label":null,"suggested_replacement":null,"suggestion_applicability":null,"expansion":null}],"children":[{"message":"consider importing this attribute macro","code":null,"level":"help","spans":[{"file_name":"/home/bestsage/.cargo/registry/src/index.crates.io-1949cf8c6b5b557f/critical-section-1.2.0/src/lib.rs","byte_start":128,"byte_end":128,"line_start":8,"line_end":8,"column_start":1,"column_end":1,"is_primary":true,"text":[{"text":"use core::marker::PhantomData;","highlight_start":1,"highlight_end":1}],"label":null,"suggested_replacement":"use core::prelude::rust_2024::derive;\n","suggestion_applicability":"MaybeIncorrect","expansion":null}],"children":[],"rendered":null}],"rendered":"\u001b[1m\u001b[91merror\u001b[0m\u001b[1m: cannot find attribute `derive` in this scope\u001b[0m\n   \u001b[1m\u001b[94m--> \u001b[0m/home/bestsage/.cargo/registry/src/index.crates.io-1949cf8c6b5b557f/critical-section-1.2.0/src/lib.rs:136:3\n    \u001b[1m\u001b[94m|\u001b[0m\n\u001b[1m\u001b[94m136\u001b[0m \u001b[1m\u001b[94m|\u001b[0m #[derive(Clone, Copy, Debug)]\n    \u001b[1m\u001b[94m|\u001b[0m   \u001b[1m\u001b[91m^^^^^^\u001b[0m\n    \u001b[1m\u001b[94m|\u001b[0m\n\u001b[1m\u001b[96mhelp\u001b[0m: consider importing this attribute macro\n    \u001b[1m\u001b[94m|\u001b[0m\n  \u001b[1m\u001b[94m8\u001b[0m \u001b[92m+ use core::prelude::rust_2024::derive;\u001b[0m\n    \u001b[1m\u001b[94m|\u001b[0m\n\n"}
{"$message_type":"diagnostic","message":"cannot find trait `FnOnce` in this scope","code":{"code":"E0405","explanation":"The code refers to a trait that is not in scope.\n\nErroneous code example:\n\n```compile_fail,E0405\nstruct Foo;\n\nimpl SomeTrait for Foo {} // error: trait `SomeTrait` is not in scope\n```\n\nPlease verify that the name of the trait wasn't misspelled and ensure that it\nwas imported. Example:\n\n```\n# #[cfg(for_demonstration_only)]\n// solution 1:\nuse some_file::SomeTrait;\n\n// solution 2:\ntrait SomeTrait {\n    // some functions\n}\n\nstruct Foo;\n\nimpl SomeTrait for Foo { // ok!\n    // implements functions\n}\n```\n"},"level":"error","spans":[{"file_name":"/home/bestsage/.cargo/registry/src/index.crates.io-1949cf8c6b5b557f/critical-section-1.2.0/src/mutex.rs","byte_start":5190,"byte_end":5196,"line_start":146,"line_end":146,"column_start":12,"column_end":18,"is_primary":true,"text":[{"text":"        F: FnOnce(&mut T) -> T,","highlight_start":12,"highlight_end":18}],"label":"not found in this scope","suggested_replacement":null,"suggestion_applicability":null,"expansion":null}],"children":[{"message":"consider importing this trait","code":null,"level":"help","spans":[{"file_name":"/home/bestsage/.cargo/registry/src/index.crates.io-1949cf8c6b5b557f/critical-section-1.2.0/src/mutex.rs","byte_start":0,"byte_end":0,"line_start":1,"line_end":1,"column_start":1,"column_end":1,"is_primary":true,"text":[{"text":"use super::CriticalSection;","highlight_start":1,"highlight_end":1}],"label":null,"suggested_replacement":"use core::ops::FnOnce;\n","suggestion_applicability":"MaybeIncorrect","expansion":null}],"children":[],"rendered":null}],"rendered":"\u001b[1m\u001b[91merror[E0405]\u001b[0m\u001b[1m: cannot find trait `FnOnce` in this scope\u001b[0m\n   \u001b[1m\u001b[94m--> \u001b[0m/home/bestsage/.cargo/registry/src/index.crates.io-1949cf8c6b5b557f/critical-section-1.2.0/src/mutex.rs:146:12\n    \u001b[1m\u001b[94m|\u001b[0m\n\u001b[1m\u001b[94m146\u001b[0m \u001b[1m\u001b[94m|\u001b[0m         F: FnOnce(&mut T) -> T,\n    \u001b[1m\u001b[94m|\u001b[0m            \u001b[1m\u001b[91m^^^^^^\u001b[0m \u001b[1m\u001b[91mnot found in this scope\u001b[0m\n    \u001b[1m\u001b[94m|\u001b[0m\n\u001b[1m\u001b[96mhelp\u001b[0m: consider importing this trait\n    \u001b[1m\u001b[94m|\u001b[0m\n  \u001b[1m\u001b[94m1\u001b[0m \u001b[92m+ use core::ops::FnOnce;\u001b[0m\n    \u001b[1m\u001b[94m|\u001b[0m\n\n"}
{"$message_type":"diagnostic","message":"cannot find trait `Default` in this scope","code":{"code":"E0405","explanation":"The code refers to a trait that is not in scope.\n\nErroneous code example:\n\n```compile_fail,E0405\nstruct Foo;\n\nimpl SomeTrait for Foo {} // error: trait `SomeTrait` is not in scope\n```\n\nPlease verify that the name of the trait wasn't misspelled and ensure that it\nwas imported. Example:\n\n```\n# #[cfg(for_demonstration_only)]\n// solution 1:\nuse some_file::SomeTrait;\n\n// solution 2:\ntrait SomeTrait {\n    // some functions\n}\n\nstruct Foo;\n\nimpl SomeTrait for Foo { // ok!\n    // implements functions\n}\n```\n"},"level":"error","spans":[{"file_name":"/home/bestsage/.cargo/registry/src/index.crates.io-1949cf8c6b5b557f/critical-section-1.2.0/src/mutex.rs","byte_start":6115,"byte_end":6122,"line_start":180,"line_end":180,"column_start":9,"column_end":16,"is_primary":true,"text":[{"text":"impl<T: Default> Mutex<RefCell<T>> {","highlight_start":9,"highlight_end":16}],"label":"not found in this scope","suggested_replacement":null,"suggestion_applicability":null,"expansion":null}],"children":[{"message":"consider importing this trait","code":null,"level":"help","spans":[{"file_name":"/home/bestsage/.cargo/registry/src/index.crates.io-1949cf8c6b5b557f/critical-section-1.2.0/src/mutex.rs","byte_start":0,"byte_end":0,"line_start":1,"line_end":1,"column_start":1,"column_end":1,"is_primary":true,"text":[{"text":"use super::CriticalSection;","highlight_start":1,"highlight_end":1}],"label":null,"suggested_replacement":"use core::default::Default;\n","suggestion_applicability":"MaybeIncorrect","expansion":null}],"children":[],"rendered":null}],"rendered":"\u001b[1m\u001b[91merror[E0405]\u001b[0m\u001b[1m: cannot find trait `Default` in this scope\u001b[0m\n   \u001b[1m\u001b[94m--> \u001b[0m/home/bestsage/.cargo/registry/src/index.crates.io-1949cf8c6b5b557f/critical-section-1.2.0/src/mutex.rs:180:9\n    \u001b[1m\u001b[94m|\u001b[0m\n\u001b[1m\u001b[94m180\u001b[0m \u001b[1m\u001b[94m|\u001b[0m impl<T: Default> Mutex<RefCell<T>> {\n    \u001b[1m\u001b[94m|\u001b[0m         \u001b[1m\u001b[91m^^^^^^^\u001b[0m \u001b[1m\u001b[91mnot found in this scope\u001b[0m\n    \u001b[1m\u001b[94m|\u001b[0m\n\u001b[1m\u001b[96mhelp\u001b[0m: consider importing this trait\n    \u001b[1m\u001b[94m|\u001b[0m\n  \u001b[1m\u001b[94m1\u001b[0m \u001b[92m+ use core::default::Default;\u001b[0m\n    \u001b[1m\u001b[94m|\u001b[0m\n\n"}
{"$message_type":"diagnostic","message":"cannot find trait `Sync` in this scope","code":{"code":"E0405","explanation":"The code refers to a trait that is not in scope.\n\nErroneous code example:\n\n```compile_fail,E0405\nstruct Foo;\n\nimpl SomeTrait for Foo {} // error: trait `SomeTrait` is not in scope\n```\n\nPlease verify that the name of the trait wasn't misspelled and ensure that it\nwas imported. Example:\n\n```\n# #[cfg(for_demonstration_only)]\n// solution 1:\nuse some_file::SomeTrait;\n\n// solution 2:\ntrait SomeTrait {\n    // some functions\n}\n\nstruct Foo;\n\nimpl SomeTrait for Foo { // ok!\n    // implements functions\n}\n```\n"},"level":"error","spans":[{"file_name":"/home/bestsage/.cargo/registry/src/index.crates.io-1949cf8c6b5b557f/critical-section-1.2.0/src/mutex.rs","byte_start":6717,"byte_end":6721,"line_start":199,"line_end":199,"column_start":16,"column_end":20,"is_primary":true,"text":[{"text":"unsafe impl<T> Sync for Mutex<T> where T: Send {}","highlight_start":16,"highlight_end":20}],"label":"not found in this scope","suggested_replacement":null,"suggestion_applicability":null,"expansion":null}],"children":[{"message":"consider importing this trait","code":null,"level":"help","spans":[{"file_name":"/home/bestsage/.cargo/registry/src/index.crates.io-1949cf8c6b5b557f/critical-section-1.2.0/src/mutex.rs","byte_start":0,"byte_end":0,"line_start":1,"line_end":1,"column_start":1,"column_end":1,"is_primary":true,"text":[{"text":"use super::CriticalSection;","highlight_start":1,"highlight_end":1}],"label":null,"suggested_replacement":"use core::marker::Sync;\n","suggestion_applicability":"MaybeIncorrect","expansion":null}],"children":[],"rendered":null}],"rendered":"\u001b[1m\u001b[91merror[E0405]\u001b[0m\u001b[1m: cannot find trait `Sync` in this scope\u001b[0m\n   \u001b[1m\u001b[94m--> \u001b[0m/home/bestsage/.cargo/registry/src/index.crates.io-1949cf8c6b5b557f/critical-section-1.2.0/src/mutex.rs:199:16\n    \u001b[1m\u001b[94m|\u001b[0m\n\u001b[1m\u001b[94m199\u001b[0m \u001b[1m\u001b[94m|\u001b[0m unsafe impl<T> Sync for Mutex<T> where T: Send {}\n    \u001b[1m\u001b[94m|\u001b[0m                \u001b[1m\u001b[91m^^^^\u001b[0m \u001b[1m\u001b[91mnot found in this scope\u001b[0m\n    \u001b[1m\u001b[94m|\u001b[0m\n\u001b[1m\u001b[96mhelp\u001b[0m: consider importing this trait\n    \u001b[1m\u001b[94m|\u001b[0m\n  \u001b[1m\u001b[94m1\u001b[0m \u001b[92m+ use core::marker::Sync;\u001b[0m\n    \u001b[1m\u001b[94m|\u001b[0m\n\n"}
{"$message_type":"diagnostic","message":"cannot find trait `Send` in this scope","code":{"code":"E0405","explanation":"The code refers to a trait that is not in scope.\n\nErroneous code example:\n\n```compile_fail,E0405\nstruct Foo;\n\nimpl SomeTrait for Foo {} // error: trait `SomeTrait` is not in scope\n```\n\nPlease verify that the name of the trait wasn't misspelled and ensure that it\nwas imported. Example:\n\n```\n# #[cfg(for_demonstration_only)]\n// solution 1:\nuse some_file::SomeTrait;\n\n// solution 2:\ntrait SomeTrait {\n    // some functions\n}\n\nstruct Foo;\n\nimpl SomeTrait for Foo { // ok!\n    // implements functions\n}\n```\n"},"level":"error","spans":[{"file_name":"/home/bestsage/.cargo/registry/src/index.crates.io-1949cf8c6b5b557f/critical-section-1.2.0/src/mutex.rs","byte_start":6744,"byte_end":6748,"line_start":199,"line_end":199,"column_start":43,"column_end":47,"is_primary":true,"text":[{"text":"unsafe impl<T> Sync for Mutex<T> where T: Send {}","highlight_start":43,"highlight_end":47}],"label":"not found in this scope","suggested_replacement":null,"suggestion_applicability":null,"expansion":null}],"children":[{"message":"consider importing this trait","code":null,"level":"help","spans":[{"file_name":"/home/bestsage/.cargo/registry/src/index.crates.io-1949cf8c6b5b557f/critical-section-1.2.0/src/mutex.rs","byte_start":0,"byte_end":0,"line_start":1,"line_end":1,"column_start":1,"column_end":1,"is_primary":true,"text":[{"text":"use super::CriticalSection;","highlight_start":1,"highlight_end":1}],"label":null,"suggested_replacement":"use core::marker::Send;\n","suggestion_applicability":"MaybeIncorrect","expansion":null}],"children":[],"rendered":null}],"rendered":"\u001b[1m\u001b[91merror[E0405]\u001b[0m\u001b[1m: cannot find trait `Send` in this scope\u001b[0m\n   \u001b[1m\u001b[94m--> \u001b[0m/home/bestsage/.cargo/registry/src/index.crates.io-1949cf8c6b5b557f/critical-section-1.2.0/src/mutex.rs:199:43\n    \u001b[1m\u001b[94m|\u001b[0m\n\u001b[1m\u001b[94m199\u001b[0m \u001b[1m\u001b[94m|\u001b[0m unsafe impl<T> Sync for Mutex<T> where T: Send {}\n    \u001b[1m\u001b[94m|\u001b[0m                                           \u001b[1m\u001b[91m^^^^\u001b[0m \u001b[1m\u001b[91mnot found in this scope\u001b[0m\n    \u001b[1m\u001b[94m|\u001b[0m\n\u001b[1m\u001b[96mhelp\u001b[0m: consider importing this trait\n    \u001b[1m\u001b[94m|\u001b[0m\n  \u001b[1m\u001b[94m1\u001b[0m \u001b[92m+ use core::marker::Send;\u001b[0m\n    \u001b[1m\u001b[94m|\u001b[0m\n\n"}
{"$message_type":"diagnostic","message":"cannot find value `IS_LOCKED` in this scope","code":{"code":"E0425","explanation":"An unresolved name was used.\n\nErroneous code examples:\n\n```compile_fail,E0425\nsomething_that_doesnt_exist::foo;\n// error: unresolved name `something_that_doesnt_exist::foo`\n\n// or:\n\ntrait Foo {\n    fn bar() {\n        Self; // error: unresolved name `Self`\n    }\n}\n\n// or:\n\nlet x = unknown_variable;  // error: unresolved name `unknown_variable`\n```\n\nPlease verify that the name wasn't misspelled and ensure that the\nidentifier being referred to is valid for the given situation. Example:\n\n```\nenum something_that_does_exist {\n    Foo,\n}\n```\n\nOr:\n\n```\nmod something_that_does_exist {\n    pub static foo : i32 = 0i32;\n}\n\nsomething_that_does_exist::foo; // ok!\n```\n\nOr:\n\n```\nlet unknown_variable = 12u32;\nlet x = unknown_variable; // ok!\n```\n\nIf the item is not defined in the current module, it must be imported using a\n`use` statement, like so:\n\n```\n# mod foo { pub fn bar() {} }\n# fn main() {\nuse foo::bar;\nbar();\n# }\n```\n\nIf the item you are importing is not defined in some super-module of the\ncurrent module, then it must also be declared as public (e.g., `pub fn`).\n"},"level":"error","spans":[{"file_name":"/home/bestsage/.cargo/registry/src/index.crates.io-1949cf8c6b5b557f/critical-section-1.2.0/src/std.rs","byte_start":590,"byte_end":599,"line_start":18,"line_end":18,"column_start":9,"column_end":18,"is_primary":true,"text":[{"text":"        IS_LOCKED.with(|l| {","highlight_start":9,"highlight_end":18}],"label":"not found in this scope","suggested_replacement":null,"suggestion_applicability":null,"expansion":null}],"children":[],"rendered":"\u001b[1m\u001b[91merror[E0425]\u001b[0m\u001b[1m: cannot find value `IS_LOCKED` in this scope\u001b[0m\n  \u001b[1m\u001b[94m--> \u001b[0m/home/bestsage/.cargo/registry/src/index.crates.io-1949cf8c6b5b557f/critical-section-1.2.0/src/std.rs:18:9\n   \u001b[1m\u001b[94m|\u001b[0m\n\u001b[1m\u001b[94m18\u001b[0m \u001b[1m\u001b[94m|\u001b[0m         IS_LOCKED.with(|l| {\n   \u001b[1m\u001b[94m|\u001b[0m         \u001b[1m\u001b[91m^^^^^^^^^\u001b[0m \u001b[1m\u001b[91mnot found in this scope\u001b[0m\n\n"}
{"$message_type":"diagnostic","message":"cannot find tuple struct or tuple variant `Ok` in this scope","code":{"code":"E0531","explanation":"An unknown tuple struct/variant has been used.\n\nErroneous code example:\n\n```compile_fail,E0531\nlet Type(x) = Type(12); // error!\nmatch Bar(12) {\n    Bar(x) => {} // error!\n    _ => {}\n}\n```\n\nIn most cases, it's either a forgotten import or a typo. However, let's look at\nhow you can have such a type:\n\n```edition2018\nstruct Type(u32); // this is a tuple struct\n\nenum Foo {\n    Bar(u32), // this is a tuple variant\n}\n\nuse Foo::*; // To use Foo's variant directly, we need to import them in\n            // the scope.\n```\n\nEither way, it should work fine with our previous code:\n\n```edition2018\nstruct Type(u32);\n\nenum Foo {\n    Bar(u32),\n}\nuse Foo::*;\n\nlet Type(x) = Type(12); // ok!\nmatch Type(12) {\n    Type(x) => {} // ok!\n    _ => {}\n}\n```\n"},"level":"error","spans":[{"file_name":"/home/bestsage/.cargo/registry/src/index.crates.io-1949cf8c6b5b557f/critical-section-1.2.0/src/std.rs","byte_start":1153,"byte_end":1155,"line_start":31,"line_end":31,"column_start":17,"column_end":19,"is_primary":true,"text":[{"text":"                Ok(guard) => guard,","highlight_start":17,"highlight_end":19}],"label":"not found in this scope","suggested_replacement":null,"suggestion_applicability":null,"expansion":null}],"children":[{"message":"consider importing this tuple variant","code":null,"level":"help","spans":[{"file_name":"/home/bestsage/.cargo/registry/src/index.crates.io-1949cf8c6b5b557f/critical-section-1.2.0/src/std.rs","byte_start":0,"byte_end":0,"line_start":1,"line_end":1,"column_start":1,"column_end":1,"is_primary":true,"text":[{"text":"use std::cell::Cell;","highlight_start":1,"highlight_end":1}],"label":null,"suggested_replacement":"use core::result::Result::Ok;\n","suggestion_applicability":"MaybeIncorrect","expansion":null}],"children":[],"rendered":null}],"rendered":"\u001b[1m\u001b[91merror[E0531]\u001b[0m\u001b[1m: cannot find tuple struct or tuple variant `Ok` in this scope\u001b[0m\n  \u001b[1m\u001b[94m--> \u001b[0m/home/bestsage/.cargo/registry/src/index.crates.io-1949cf8c6b5b557f/critical-section-1.2.0/src/std.rs:31:17\n   \u001b[1m\u001b[94m|\u001b[0m\n\u001b[1m\u001b[94m31\u001b[0m \u001b[1m\u001b[94m|\u001b[0m                 Ok(guard) => guard,\n   \u001b[1m\u001b[94m|\u001b[0m                 \u001b[1m\u001b[91m^^\u001b[0m \u001b[1m\u001b[91mnot found in this scope\u001b[0m\n   \u001b[1m\u001b[94m|\u001b[0m\n\u001b[1m\u001b[96mhelp\u001b[0m: consider importing this tuple variant\n   \u001b[1m\u001b[94m|\u001b[0m\n \u001b[1m\u001b[94m1\u001b[0m \u001b[92m+ use core::result::Result::Ok;\u001b[0m\n   \u001b[1m\u001b[94m|\u001b[0m\n\n"}
{"$message_type":"diagnostic","message":"cannot find tuple struct or tuple variant `Err` in this scope","code":{"code":"E0531","explanation":"An unknown tuple struct/variant has been used.\n\nErroneous code example:\n\n```compile_fail,E0531\nlet Type(x) = Type(12); // error!\nmatch Bar(12) {\n    Bar(x) => {} // error!\n    _ => {}\n}\n```\n\nIn most cases, it's either a forgotten import or a typo. However, let's look at\nhow you can have such a type:\n\n```edition2018\nstruct Type(u32); // this is a tuple struct\n\nenum Foo {\n    Bar(u32), // this is a tuple variant\n}\n\nuse Foo::*; // To use Foo's variant directly, we need to import them in\n            // the scope.\n```\n\nEither way, it should work fine with our previous code:\n\n```edition2018\nstruct Type(u32);\n\nenum Foo {\n    Bar(u32),\n}\nuse Foo::*;\n\nlet Type(x) = Type(12); // ok!\nmatch Type(12) {\n    Type(x) => {} // ok!\n    _ => {}\n}\n```\n"},"level":"error","spans":[{"file_name":"/home/bestsage/.cargo/registry/src/index.crates.io-1949cf8c6b5b557f/critical-section-1.2.0/src/std.rs","byte_start":1189,"byte_end":1192,"line_start":32,"line_end":32,"column_start":17,"column_end":20,"is_primary":true,"text":[{"text":"                Err(err) => {","highlight_start":17,"highlight_end":20}],"label":"not found in this scope","suggested_replacement":null,"suggestion_applicability":null,"expansion":null}],"children":[{"message":"consider importing this tuple variant","code":null,"level":"help","spans":[{"file_name":"/home/bestsage/.cargo/registry/src/index.crates.io-1949cf8c6b5b557f/critical-section-1.2.0/src/std.rs","byte_start":0,"byte_end":0,"line_start":1,"line_end":1,"column_start":1,"column_end":1,"is_primary":true,"text":[{"text":"use std::cell::Cell;","highlight_start":1,"highlight_end":1}],"label":null,"suggested_replacement":"use core::result::Result::Err;\n","suggestion_applicability":"MaybeIncorrect","expansion":null}],"children":[],"rendered":null}],"rendered":"\u001b[1m\u001b[91merror[E0531]\u001b[0m\u001b[1m: cannot find tuple struct or tuple variant `Err` in this scope\u001b[0m\n  \u001b[1m\u001b[94m--> \u001b[0m/home/bestsage/.cargo/registry/src/index.crates.io-1949cf8c6b5b557f/critical-section-1.2.0/src/std.rs:32:17\n   \u001b[1m\u001b[94m|\u001b[0m\n\u001b[1m\u001b[94m32\u001b[0m \u001b[1m\u001b[94m|\u001b[0m                 Err(err) => {\n   \u001b[1m\u001b[94m|\u001b[0m                 \u001b[1m\u001b[91m^^^\u001b[0m \u001b[1m\u001b[91mnot found in this scope\u001b[0m\n   \u001b[1m\u001b[94m|\u001b[0m\n\u001b[1m\u001b[96mhelp\u001b[0m: consider importing this tuple variant\n   \u001b[1m\u001b[94m|\u001b[0m\n \u001b[1m\u001b[94m1\u001b[0m \u001b[92m+ use core::result::Result::Err;\u001b[0m\n   \u001b[1m\u001b[94m|\u001b[0m\n\n"}
{"$message_type":"diagnostic","message":"cannot find value `IS_LOCKED` in this scope","code":{"code":"E0425","explanation":"An unresolved name was used.\n\nErroneous code examples:\n\n```compile_fail,E0425\nsomething_that_doesnt_exist::foo;\n// error: unresolved name `something_that_doesnt_exist::foo`\n\n// or:\n\ntrait Foo {\n    fn bar() {\n        Self; // error: unresolved name `Self`\n    }\n}\n\n// or:\n\nlet x = unknown_variable;  // error: unresolved name `unknown_variable`\n```\n\nPlease verify that the name wasn't misspelled and ensure that the\nidentifier being referred to is valid for the given situation. Example:\n\n```\nenum something_that_does_exist {\n    Foo,\n}\n```\n\nOr:\n\n```\nmod something_that_does_exist {\n    pub static foo : i32 = 0i32;\n}\n\nsomething_that_does_exist::foo; // ok!\n```\n\nOr:\n\n```\nlet unknown_variable = 12u32;\nlet x = unknown_variable; // ok!\n```\n\nIf the item is not defined in the current module, it must be imported using a\n`use` statement, like so:\n\n```\n# mod foo { pub fn bar() {} }\n# fn main() {\nuse foo::bar;\nbar();\n# }\n```\n\nIf the item you are importing is not defined in some super-module of the\ncurrent module, then it must also be declared as public (e.g., `pub fn`).\n"},"level":"error","spans":[{"file_name":"/home/bestsage/.cargo/registry/src/index.crates.io-1949cf8c6b5b557f/critical-section-1.2.0/src/std.rs","byte_start":2628,"byte_end":2637,"line_start":61,"line_end":61,"column_start":13,"column_end":22,"is_primary":true,"text":[{"text":"            IS_LOCKED.with(|l| l.set(false));","highlight_start":13,"highlight_end":22}],"label":"not found in this scope","suggested_replacement":null,"suggestion_applicability":null,"expansion":null}],"children":[],"rendered":"\u001b[1m\u001b[91merror[E0425]\u001b[0m\u001b[1m: cannot find value `IS_LOCKED` in this scope\u001b[0m\n  \u001b[1m\u001b[94m--> \u001b[0m/home/bestsage/.cargo/registry/src/index.crates.io-1949cf8c6b5b557f/critical-section-1.2.0/src/std.rs:61:13\n   \u001b[1m\u001b[94m|\u001b[0m\n\u001b[1m\u001b[94m61\u001b[0m \u001b[1m\u001b[94m|\u001b[0m             IS_LOCKED.with(|l| l.set(false));\n   \u001b[1m\u001b[94m|\u001b[0m             \u001b[1m\u001b[91m^^^^^^^^^\u001b[0m \u001b[1m\u001b[91mnot found in this scope\u001b[0m\n\n"}
{"$message_type":"diagnostic","message":"cannot find trait `FnOnce` in this scope","code":{"code":"E0405","explanation":"The code refers to a trait that is not in scope.\n\nErroneous code example:\n\n```compile_fail,E0405\nstruct Foo;\n\nimpl SomeTrait for Foo {} // error: trait `SomeTrait` is not in scope\n```\n\nPlease verify that the name of the trait wasn't misspelled and ensure that it\nwas imported. Example:\n\n```\n# #[cfg(for_demonstration_only)]\n// solution 1:\nuse some_file::SomeTrait;\n\n// solution 2:\ntrait SomeTrait {\n    // some functions\n}\n\nstruct Foo;\n\nimpl SomeTrait for Foo { // ok!\n    // implements functions\n}\n```\n"},"level":"error","spans":[{"file_name":"/home/bestsage/.cargo/registry/src/index.crates.io-1949cf8c6b5b557f/critical-section-1.2.0/src/lib.rs","byte_start":8968,"byte_end":8974,"line_start":232,"line_end":232,"column_start":24,"column_end":30,"is_primary":true,"text":[{"text":"pub fn with<R>(f: impl FnOnce(CriticalSection) -> R) -> R {","highlight_start":24,"highlight_end":30}],"label":"not found in this scope","suggested_replacement":null,"suggestion_applicability":null,"expansion":null}],"children":[{"message":"consider importing this trait","code":null,"level":"help","spans":[{"file_name":"/home/bestsage/.cargo/registry/src/index.crates.io-1949cf8c6b5b557f/critical-section-1.2.0/src/lib.rs","byte_start":128,"byte_end":128,"line_start":8,"line_end":8,"column_start":1,"column_end":1,"is_primary":true,"text":[{"text":"use core::marker::PhantomData;","highlight_start":1,"highlight_end":1}],"label":null,"suggested_replacement":"use core::ops::FnOnce;\n","suggestion_applicability":"MaybeIncorrect","expansion":null}],"children":[],"rendered":null}],"rendered":"\u001b[1m\u001b[91merror[E0405]\u001b[0m\u001b[1m: cannot find trait `FnOnce` in this scope\u001b[0m\n   \u001b[1m\u001b[94m--> \u001b[0m/home/bestsage/.cargo/registry/src/index.crates.io-1949cf8c6b5b557f/critical-section-1.2.0/src/lib.rs:232:24\n    \u001b[1m\u001b[94m|\u001b[0m\n\u001b[1m\u001b[94m232\u001b[0m \u001b[1m\u001b[94m|\u001b[0m pub fn with<R>(f: impl FnOnce(CriticalSection) -> R) -> R {\n    \u001b[1m\u001b[94m|\u001b[0m                        \u001b[1m\u001b[91m^^^^^^\u001b[0m \u001b[1m\u001b[91mnot found in this scope\u001b[0m\n    \u001b[1m\u001b[94m|\u001b[0m\n\u001b[1m\u001b[96mhelp\u001b[0m: consider importing this trait\n    \u001b[1m\u001b[94m|\u001b[0m\n  \u001b[1m\u001b[94m8\u001b[0m \u001b[92m+ use core::ops::FnOnce;\u001b[0m\n    \u001b[1m\u001b[94m|\u001b[0m\n\n"}
{"$message_type":"diagnostic","message":"cannot find trait `Drop` in this scope","code":{"code":"E0405","explanation":"The code refers to a trait that is not in scope.\n\nErroneous code example:\n\n```compile_fail,E0405\nstruct Foo;\n\nimpl SomeTrait for Foo {} // error: trait `SomeTrait` is not in scope\n```\n\nPlease verify that the name of the trait wasn't misspelled and ensure that it\nwas imported. Example:\n\n```\n# #[cfg(for_demonstration_only)]\n// solution 1:\nuse some_file::SomeTrait;\n\n// solution 2:\ntrait SomeTrait {\n    // some functions\n}\n\nstruct Foo;\n\nimpl SomeTrait for Foo { // ok!\n    // implements functions\n}\n```\n"},"level":"error","spans":[{"file_name":"/home/bestsage/.cargo/registry/src/index.crates.io-1949cf8c6b5b557f/critical-section-1.2.0/src/lib.rs","byte_start":9139,"byte_end":9143,"line_start":238,"line_end":238,"column_start":10,"column_end":14,"is_primary":true,"text":[{"text":"    impl Drop for Guard {","highlight_start":10,"highlight_end":14}],"label":"not found in this scope","suggested_replacement":null,"suggestion_applicability":null,"expansion":null}],"children":[{"message":"consider importing this trait","code":null,"level":"help","spans":[{"file_name":"/home/bestsage/.cargo/registry/src/index.crates.io-1949cf8c6b5b557f/critical-section-1.2.0/src/lib.rs","byte_start":128,"byte_end":128,"line_start":8,"line_end":8,"column_start":1,"column_end":1,"is_primary":true,"text":[{"text":"use core::marker::PhantomData;","highlight_start":1,"highlight_end":1}],"label":null,"suggested_replacement":"use core::ops::Drop;\n","suggestion_applicability":"MaybeIncorrect","expansion":null}],"children":[],"rendered":null}],"rendered":"\u001b[1m\u001b[91merror[E0405]\u001b[0m\u001b[1m: cannot find trait `Drop` in this scope\u001b[0m\n   \u001b[1m\u001b[94m--> \u001b[0m/home/bestsage/.cargo/registry/src/index.crates.io-1949cf8c6b5b557f/critical-section-1.2.0/src/lib.rs:238:10\n    \u001b[1m\u001b[94m|\u001b[0m\n\u001b[1m\u001b[94m238\u001b[0m \u001b[1m\u001b[94m|\u001b[0m     impl Drop for Guard {\n    \u001b[1m\u001b[94m|\u001b[0m          \u001b[1m\u001b[91m^^^^\u001b[0m \u001b[1m\u001b[91mnot found in this scope\u001b[0m\n    \u001b[1m\u001b[94m|\u001b[0m\n\u001b[1m\u001b[96mhelp\u001b[0m: consider importing this trait\n    \u001b[1m\u001b[94m|\u001b[0m\n  \u001b[1m\u001b[94m8\u001b[0m \u001b[92m+ use core::ops::Drop;\u001b[0m\n    \u001b[1m\u001b[94m|\u001b[0m\n\n"}
{"$message_type":"diagnostic","message":"aborting due to 17 previous errors","code":null,"level":"error","spans":[],"children":[],"rendered":"\u001b[1m\u001b[91merror\u001b[0m\u001b[1m: aborting due to 17 previous errors\u001b[0m\n\n"}
{"$message_type":"diagnostic","message":"Some errors have detailed explanations: E0405, E0425, E0463, E0531.","code":null,"level":"failure-note","spans":[],"children":[],"rendered":"\u001b[1mSome errors have detailed explanations: E0405, E0425, E0463, E0531.\u001b[0m\n"}
{"$message_type":"diagnostic","message":"For more information about an error, try `rustc --explain E0405`.","code":null,"level":"failure-note","spans":[],"children":[],"rendered":"\u001b[1mFor more information about an error, try `rustc --explain E0405`.\u001b[0m\n"}
